<?xml version="1.0" encoding="UTF-8"?>
<testsuite xmlns:xsi="http://www.w3.org/2001/XMLSchema-instance" xsi:noNamespaceSchemaLocation="https://maven.apache.org/surefire/maven-surefire-plugin/xsd/surefire-test-report-3.0.xsd" version="3.0" name="com.javahongkong.bootcamp.exercise.SampleUnitTest" time="0.022" tests="7" errors="0" skipped="0" failures="0">
  <properties>
    <property name="java.specification.version" value="21"/>
    <property name="sun.jnu.encoding" value="UTF-8"/>
    <property name="java.class.path" value="/Users/charleschan/bootcamp/furniture-factory/target/test-classes:/Users/charleschan/bootcamp/furniture-factory/target/classes:/Users/charleschan/.m2/repository/junit/junit/4.12/junit-4.12.jar:/Users/charleschan/.m2/repository/org/hamcrest/hamcrest-core/1.3/hamcrest-core-1.3.jar:"/>
    <property name="java.vm.vendor" value="Homebrew"/>
    <property name="sun.arch.data.model" value="64"/>
    <property name="java.vendor.url" value="https://github.com/Homebrew/homebrew-core/issues"/>
    <property name="os.name" value="Mac OS X"/>
    <property name="java.vm.specification.version" value="21"/>
    <property name="sun.java.launcher" value="SUN_STANDARD"/>
    <property name="user.country" value="HK"/>
    <property name="sun.boot.library.path" value="/opt/homebrew/Cellar/openjdk/21.0.3/libexec/openjdk.jdk/Contents/Home/lib"/>
    <property name="sun.java.command" value="/Users/charleschan/bootcamp/furniture-factory/target/surefire/surefirebooter-20240514180732466_3.jar /Users/charleschan/bootcamp/furniture-factory/target/surefire 2024-05-14T18-07-32_431-jvmRun1 surefire-20240514180732466_1tmp surefire_0-20240514180732466_2tmp"/>
    <property name="jdk.debug" value="release"/>
    <property name="surefire.test.class.path" value="/Users/charleschan/bootcamp/furniture-factory/target/test-classes:/Users/charleschan/bootcamp/furniture-factory/target/classes:/Users/charleschan/.m2/repository/junit/junit/4.12/junit-4.12.jar:/Users/charleschan/.m2/repository/org/hamcrest/hamcrest-core/1.3/hamcrest-core-1.3.jar:"/>
    <property name="sun.cpu.endian" value="little"/>
    <property name="user.home" value="/Users/charleschan"/>
    <property name="user.language" value="en"/>
    <property name="java.specification.vendor" value="Oracle Corporation"/>
    <property name="java.version.date" value="2024-04-16"/>
    <property name="java.home" value="/opt/homebrew/Cellar/openjdk/21.0.3/libexec/openjdk.jdk/Contents/Home"/>
    <property name="file.separator" value="/"/>
    <property name="basedir" value="/Users/charleschan/bootcamp/furniture-factory"/>
    <property name="java.vm.compressedOopsMode" value="Zero based"/>
    <property name="line.separator" value="&#10;"/>
    <property name="java.specification.name" value="Java Platform API Specification"/>
    <property name="java.vm.specification.vendor" value="Oracle Corporation"/>
    <property name="apple.awt.application.name" value="ForkedBooter"/>
    <property name="surefire.real.class.path" value="/Users/charleschan/bootcamp/furniture-factory/target/surefire/surefirebooter-20240514180732466_3.jar"/>
    <property name="sun.management.compiler" value="HotSpot 64-Bit Tiered Compilers"/>
    <property name="java.runtime.version" value="21.0.3"/>
    <property name="user.name" value="charleschan"/>
    <property name="stdout.encoding" value="UTF-8"/>
    <property name="path.separator" value=":"/>
    <property name="os.version" value="14.4.1"/>
    <property name="java.runtime.name" value="OpenJDK Runtime Environment"/>
    <property name="file.encoding" value="UTF-8"/>
    <property name="java.vm.name" value="OpenJDK 64-Bit Server VM"/>
    <property name="java.vendor.version" value="Homebrew"/>
    <property name="localRepository" value="/Users/charleschan/.m2/repository"/>
    <property name="java.vendor.url.bug" value="https://github.com/Homebrew/homebrew-core/issues"/>
    <property name="java.io.tmpdir" value="/var/folders/1q/lm0zblws37vdhht5rcmz1l1w0000gn/T/"/>
    <property name="java.version" value="21.0.3"/>
    <property name="user.dir" value="/Users/charleschan/bootcamp/furniture-factory"/>
    <property name="os.arch" value="aarch64"/>
    <property name="java.vm.specification.name" value="Java Virtual Machine Specification"/>
    <property name="native.encoding" value="UTF-8"/>
    <property name="java.library.path" value="/Users/charleschan/Library/Java/Extensions:/Library/Java/Extensions:/Network/Library/Java/Extensions:/System/Library/Java/Extensions:/usr/lib/java:."/>
    <property name="java.vm.info" value="mixed mode, sharing"/>
    <property name="stderr.encoding" value="UTF-8"/>
    <property name="java.vendor" value="Homebrew"/>
    <property name="java.vm.version" value="21.0.3"/>
    <property name="sun.io.unicode.encoding" value="UnicodeBig"/>
    <property name="java.class.version" value="65.0"/>
  </properties>
  <testcase name="_01_getChairCount" classname="com.javahongkong.bootcamp.exercise.SampleUnitTest" time="0.0"/>
  <testcase name="_02_orderFourChairs" classname="com.javahongkong.bootcamp.exercise.SampleUnitTest" time="0.0"/>
  <testcase name="_03_orderThreeCouches" classname="com.javahongkong.bootcamp.exercise.SampleUnitTest" time="0.0"/>
  <testcase name="_04_orderedChairsCost" classname="com.javahongkong.bootcamp.exercise.SampleUnitTest" time="0.0"/>
  <testcase name="_05_orderedTablesCost" classname="com.javahongkong.bootcamp.exercise.SampleUnitTest" time="0.0"/>
  <testcase name="_06_orderedCouchesCost" classname="com.javahongkong.bootcamp.exercise.SampleUnitTest" time="0.0"/>
  <testcase name="_07_totalOrderCost" classname="com.javahongkong.bootcamp.exercise.SampleUnitTest" time="0.001"/>
</testsuite>